[?1034h FCN=0.139135 FROM MIGRAD    STATUS=CONVERGED      82 CALLS          83 TOTAL
                     EDM=4.8834e-08    STRATEGY= 1      ERROR MATRIX ACCURATE 
  EXT PARAMETER                                   STEP         FIRST   
  NO.   NAME      VALUE            ERROR          SIZE      DERIVATIVE 
   1  Constant     4.66238e+02   3.71741e+01   1.08671e-02   1.05897e-05
   2  Mean        -8.17922e+02   3.77535e-01   3.90015e-04   1.00489e-05
   3  Sigma        8.84917e+00   4.52882e-01   4.62422e-06   3.40871e-02
 FCN=7.46364e-07 FROM MIGRAD    STATUS=CONVERGED      90 CALLS          91 TOTAL
                     EDM=1.4928e-06    STRATEGY= 1      ERROR MATRIX ACCURATE 
  EXT PARAMETER                                   STEP         FIRST   
  NO.   NAME      VALUE            ERROR          SIZE      DERIVATIVE 
   1  Constant     4.18993e+02   2.04703e+01   9.15207e-03  -7.81812e-05
   2  Mean        -8.50053e+02   4.75542e-01   4.05337e-04   1.92081e-03
   3  Sigma        9.25163e+00   2.40312e-01   4.18334e-06  -7.19252e-02
derivation =  [32.131079146553361] +/- [0.60718443219121332]
sigma =  [3.6309712696808329] +/- [0.054555236798148977]
 FCN=31.1875 FROM MIGRAD    STATUS=CONVERGED      69 CALLS          70 TOTAL
                     EDM=2.75144e-08    STRATEGY= 1      ERROR MATRIX ACCURATE 
  EXT PARAMETER                                   STEP         FIRST   
  NO.   NAME      VALUE            ERROR          SIZE      DERIVATIVE 
   1  Constant     5.09219e+02   2.22626e+01   4.53232e-02  -2.01174e-06
   2  Mean        -8.17518e+02   4.95924e-01   1.35106e-03   4.73967e-04
   3  Sigma        1.51805e+01   4.49908e-01   1.87668e-05  -1.12236e-03
 FCN=77.9437 FROM MIGRAD    STATUS=CONVERGED      72 CALLS          73 TOTAL
                     EDM=3.39008e-07    STRATEGY= 1      ERROR MATRIX ACCURATE 
  EXT PARAMETER                                   STEP         FIRST   
  NO.   NAME      VALUE            ERROR          SIZE      DERIVATIVE 
   1  Constant     5.66663e+02   2.77740e+01   8.09581e-02   3.07674e-06
   2  Mean        -8.50215e+02   4.29211e-01   1.86124e-03   1.19111e-03
   3  Sigma        1.29766e+01   4.74769e-01   3.05201e-05  -5.42700e-02
derivation =  [32.131079146553361, 32.697183918182191] +/- [0.60718443219121332, 0.65586759688079133]
sigma =  [3.6309712696808329, 2.15389932846016] +/- [0.054555236798148977, 0.035787258355293082]
 FCN=128.026 FROM MIGRAD    STATUS=CONVERGED      77 CALLS          78 TOTAL
                     EDM=6.37379e-10    STRATEGY= 1      ERROR MATRIX ACCURATE 
  EXT PARAMETER                                   STEP         FIRST   
  NO.   NAME      VALUE            ERROR          SIZE      DERIVATIVE 
   1  Constant     4.93999e+02   2.26285e+01   7.39680e-02  -1.43698e-06
   2  Mean        -8.17468e+02   5.98792e-01   3.31835e-03   5.03077e-05
   3  Sigma        2.21595e+01   8.19754e-01   3.60498e-05  -2.38641e-03
 FCN=210.435 FROM MIGRAD    STATUS=CONVERGED      72 CALLS          73 TOTAL
                     EDM=1.83079e-07    STRATEGY= 1      ERROR MATRIX ACCURATE 
  EXT PARAMETER                                   STEP         FIRST   
  NO.   NAME      VALUE            ERROR          SIZE      DERIVATIVE 
   1  Constant     4.02508e+02   1.83089e+01   7.96099e-02  -1.60397e-05
   2  Mean        -8.50272e+02   7.11958e-01   5.05042e-03  -4.90715e-04
   3  Sigma        2.55627e+01   9.18947e-01   4.88685e-05   1.97228e-02
derivation =  [32.131079146553361, 32.697183918182191, 32.803684747921125] +/- [0.60718443219121332, 0.65586759688079133, 0.93028800799895672]
sigma =  [3.6309712696808329, 2.15389932846016, 1.4803408380594787] +/- [0.054555236798148977, 0.035787258355293082, 0.046612762360391129]
 FCN=243.201 FROM MIGRAD    STATUS=CONVERGED      72 CALLS          73 TOTAL
                     EDM=1.15824e-06    STRATEGY= 1      ERROR MATRIX ACCURATE 
  EXT PARAMETER                                   STEP         FIRST   
  NO.   NAME      VALUE            ERROR          SIZE      DERIVATIVE 
   1  Constant     4.42965e+02   1.98539e+01   8.06296e-02   1.04709e-05
   2  Mean        -8.17298e+02   7.55543e-01   5.75790e-03  -6.87481e-04
   3  Sigma        3.16442e+01   1.20016e+00   4.69230e-05  -1.06416e-01
 FCN=297.101 FROM MIGRAD    STATUS=CONVERGED      76 CALLS          77 TOTAL
                     EDM=3.85893e-07    STRATEGY= 1      ERROR MATRIX ACCURATE 
  EXT PARAMETER                                   STEP         FIRST   
  NO.   NAME      VALUE            ERROR          SIZE      DERIVATIVE 
   1  Constant     3.96267e+02   1.60556e+01   8.06659e-02   8.48967e-05
   2  Mean        -8.50819e+02   8.35269e-01   7.00447e-03   3.60083e-04
   3  Sigma        3.42882e+01   1.11284e+00   4.92193e-05   1.00881e-01
derivation =  [32.131079146553361, 32.697183918182191, 32.803684747921125, 33.521297755030218] +/- [0.60718443219121332, 0.65586759688079133, 0.93028800799895672, 1.1262856979715365]
sigma =  [3.6309712696808329, 2.15389932846016, 1.4803408380594787, 1.0593191048713455] +/- [0.054555236798148977, 0.035787258355293082, 0.046612762360391129, 0.050668838238003472]
 FCN=345.125 FROM MIGRAD    STATUS=CONVERGED      86 CALLS          87 TOTAL
                     EDM=1.35884e-11    STRATEGY= 1      ERROR MATRIX ACCURATE 
  EXT PARAMETER                                   STEP         FIRST   
  NO.   NAME      VALUE            ERROR          SIZE      DERIVATIVE 
   1  Constant     4.19171e+02   1.66424e+01   8.20499e-02   3.99929e-07
   2  Mean        -8.18072e+02   8.83422e-01   8.02496e-03  -3.43200e-06
   3  Sigma        4.09987e+01   1.36657e+00   4.95058e-05   7.79152e-04
 FCN=382.452 FROM MIGRAD    STATUS=CONVERGED      79 CALLS          80 TOTAL
                     EDM=2.30675e-07    STRATEGY= 1      ERROR MATRIX ACCURATE 
  EXT PARAMETER                                   STEP         FIRST   
  NO.   NAME      VALUE            ERROR          SIZE      DERIVATIVE 
   1  Constant     4.10281e+02   1.47991e+01   8.53000e-02   5.68799e-05
   2  Mean        -8.51367e+02   8.99958e-01   8.55214e-03   1.84874e-04
   3  Sigma        4.11614e+01   1.18427e+00   4.86791e-05   3.18136e-02
derivation =  [32.131079146553361, 32.697183918182191, 32.803684747921125, 33.521297755030218, 33.294733039857533] +/- [0.60718443219121332, 0.65586759688079133, 0.93028800799895672, 1.1262856979715365, 1.2610942017497038]
sigma =  [3.6309712696808329, 2.15389932846016, 1.4803408380594787, 1.0593191048713455, 0.81209227104114101] +/- [0.054555236798148977, 0.035787258355293082, 0.046612762360391129, 0.050668838238003472, 0.050454655334269946]
 FCN=441.678 FROM MIGRAD    STATUS=CONVERGED      82 CALLS          83 TOTAL
                     EDM=5.12503e-10    STRATEGY= 1      ERROR MATRIX ACCURATE 
  EXT PARAMETER                                   STEP         FIRST   
  NO.   NAME      VALUE            ERROR          SIZE      DERIVATIVE 
   1  Constant     3.88971e+02   1.40905e+01   7.91269e-02  -2.02440e-07
   2  Mean        -8.17685e+02   1.03830e+00   1.06435e-02  -3.08611e-05
   3  Sigma        5.23148e+01   1.58655e+00   5.24352e-05  -4.26500e-04
 FCN=494.589 FROM MIGRAD    STATUS=CONVERGED      81 CALLS          82 TOTAL
                     EDM=5.36163e-08    STRATEGY= 1      ERROR MATRIX ACCURATE 
  EXT PARAMETER                                   STEP         FIRST   
  NO.   NAME      VALUE            ERROR          SIZE      DERIVATIVE 
   1  Constant     3.99233e+02   1.37421e+01   8.68388e-02   1.88179e-05
   2  Mean        -8.51607e+02   1.00105e+00   1.08550e-02   2.31793e-04
   3  Sigma        4.99119e+01   1.39718e+00   5.18899e-05   6.06960e-03
derivation =  [32.131079146553361, 32.697183918182191, 32.803684747921125, 33.521297755030218, 33.294733039857533, 33.92208637719682] +/- [0.60718443219121332, 0.65586759688079133, 0.93028800799895672, 1.1262856979715365, 1.2610942017497038, 1.4422803382939273]
sigma =  [3.6309712696808329, 2.15389932846016, 1.4803408380594787, 1.0593191048713455, 0.81209227104114101, 0.64842286399108806] +/- [0.054555236798148977, 0.035787258355293082, 0.046612762360391129, 0.050668838238003472, 0.050454655334269946, 0.052225038736048397]
 FCN=509.25 FROM MIGRAD    STATUS=CONVERGED      78 CALLS          79 TOTAL
                     EDM=1.39013e-08    STRATEGY= 1      ERROR MATRIX ACCURATE 
  EXT PARAMETER                                   STEP         FIRST   
  NO.   NAME      VALUE            ERROR          SIZE      DERIVATIVE 
   1  Constant     3.87561e+02   1.25514e+01   7.86514e-02   6.52657e-06
   2  Mean        -8.17285e+02   1.12083e+00   1.23583e-02  -6.96319e-05
   3  Sigma        6.08201e+01   1.62390e+00   5.20300e-05  -8.98545e-03
 FCN=593.313 FROM MIGRAD    STATUS=CONVERGED      79 CALLS          80 TOTAL
                     EDM=4.2945e-07    STRATEGY= 1      ERROR MATRIX ACCURATE 
  EXT PARAMETER                                   STEP         FIRST   
  NO.   NAME      VALUE            ERROR          SIZE      DERIVATIVE 
   1  Constant     3.77194e+02   1.33330e+01   8.37657e-02   1.31087e-04
   2  Mean        -8.51300e+02   1.13591e+00   1.35034e-02   3.36577e-05
   3  Sigma        6.07480e+01   1.82390e+00   5.69495e-05   1.55374e-01
derivation =  [32.131079146553361, 32.697183918182191, 32.803684747921125, 33.521297755030218, 33.294733039857533, 33.92208637719682, 34.014965409181855] +/- [0.60718443219121332, 0.65586759688079133, 0.93028800799895672, 1.1262856979715365, 1.2610942017497038, 1.4422803382939273, 1.5957915612335425]
sigma =  [3.6309712696808329, 2.15389932846016, 1.4803408380594787, 1.0593191048713455, 0.81209227104114101, 0.64842286399108806, 0.55927170520876224] +/- [0.054555236798148977, 0.035787258355293082, 0.046612762360391129, 0.050668838238003472, 0.050454655334269946, 0.052225038736048397, 0.05398011544747517]
 FCN=564.311 FROM MIGRAD    STATUS=CONVERGED      79 CALLS          80 TOTAL
                     EDM=5.25886e-07    STRATEGY= 1      ERROR MATRIX ACCURATE 
  EXT PARAMETER                                   STEP         FIRST   
  NO.   NAME      VALUE            ERROR          SIZE      DERIVATIVE 
   1  Constant     3.78445e+02   1.11544e+01   7.58317e-02   6.28629e-05
   2  Mean        -8.17175e+02   1.23091e+00   1.42804e-02   3.35603e-04
   3  Sigma        7.09108e+01   1.71340e+00   5.26203e-05   1.83734e-01
 FCN=665.724 FROM MIGRAD    STATUS=CONVERGED      86 CALLS          87 TOTAL
                     EDM=1.02389e-09    STRATEGY= 1      ERROR MATRIX ACCURATE 
  EXT PARAMETER                                   STEP         FIRST   
  NO.   NAME      VALUE            ERROR          SIZE      DERIVATIVE 
   1  Constant     3.71804e+02   1.25684e+01   8.22551e-02   6.59194e-06
   2  Mean        -8.52277e+02   1.23126e+00   1.54588e-02   8.53658e-06
   3  Sigma        6.97301e+01   2.02282e+00   5.89372e-05   9.00700e-03
derivation =  [32.131079146553361, 32.697183918182191, 32.803684747921125, 33.521297755030218, 33.294733039857533, 33.92208637719682, 34.014965409181855, 35.101656709334293] +/- [0.60718443219121332, 0.65586759688079133, 0.93028800799895672, 1.1262856979715365, 1.2610942017497038, 1.4422803382939273, 1.5957915612335425, 1.7410175241309507]
sigma =  [3.6309712696808329, 2.15389932846016, 1.4803408380594787, 1.0593191048713455, 0.81209227104114101, 0.64842286399108806, 0.55927170520876224, 0.49501122908494816] +/- [0.054555236798148977, 0.035787258355293082, 0.046612762360391129, 0.050668838238003472, 0.050454655334269946, 0.052225038736048397, 0.05398011544747517, 0.055171835051851907]
 FCN=589.054 FROM MIGRAD    STATUS=CONVERGED      80 CALLS          81 TOTAL
                     EDM=9.3392e-07    STRATEGY= 1      ERROR MATRIX ACCURATE 
  EXT PARAMETER                                   STEP         FIRST   
  NO.   NAME      VALUE            ERROR          SIZE      DERIVATIVE 
   1  Constant     3.78885e+02   1.01058e+01   7.32309e-02   1.91041e-04
   2  Mean        -8.17656e+02   1.31836e+00   1.56131e-02   5.08035e-04
   3  Sigma        7.98034e+01   1.73538e+00   5.16606e-05   2.36495e-01
 FCN=687.079 FROM MIGRAD    STATUS=CONVERGED      86 CALLS          87 TOTAL
                     EDM=6.54252e-09    STRATEGY= 1      ERROR MATRIX ACCURATE 
  EXT PARAMETER                                   STEP         FIRST   
  NO.   NAME      VALUE            ERROR          SIZE      DERIVATIVE 
   1  Constant     3.62876e+02   1.05386e+01   7.68813e-02   1.82444e-05
   2  Mean        -8.52637e+02   1.34823e+00   1.72267e-02   2.20958e-05
   3  Sigma        8.04913e+01   1.95897e+00   5.77733e-05   1.83659e-02
derivation =  [32.131079146553361, 32.697183918182191, 32.803684747921125, 33.521297755030218, 33.294733039857533, 33.92208637719682, 34.014965409181855, 35.101656709334293, 34.981036784626781] +/- [0.60718443219121332, 0.65586759688079133, 0.93028800799895672, 1.1262856979715365, 1.2610942017497038, 1.4422803382939273, 1.5957915612335425, 1.7410175241309507, 1.8856815046529352]
sigma =  [3.6309712696808329, 2.15389932846016, 1.4803408380594787, 1.0593191048713455, 0.81209227104114101, 0.64842286399108806, 0.55927170520876224, 0.49501122908494816, 0.43834028579084278] +/- [0.054555236798148977, 0.035787258355293082, 0.046612762360391129, 0.050668838238003472, 0.050454655334269946, 0.052225038736048397, 0.05398011544747517, 0.055171835051851907, 0.058126682279403701]
